Analysis & Synthesis report for TP1_BCD
Wed Apr 08 13:42:17 2026
Quartus Prime Version 18.1.0 Build 625 09/12/2018 SJ Lite Edition


---------------------
; Table of Contents ;
---------------------
  1. Legal Notice
  2. Analysis & Synthesis Summary
  3. Analysis & Synthesis Settings
  4. Parallel Compilation
  5. Analysis & Synthesis Source Files Read
  6. Analysis & Synthesis Resource Usage Summary
  7. Analysis & Synthesis Resource Utilization by Entity
  8. Registers Removed During Synthesis
  9. General Register Statistics
 10. Inverted Register Statistics
 11. Parameter Settings for User Entity Instance: FDIV:FDIV_UUT
 12. Parameter Settings for User Entity Instance: BCD_COUNTER:counter_UUT
 13. Parameter Settings for Inferred Entity Instance: BCD_COUNTER:counter_UUT|lpm_divide:Mod0
 14. Parameter Settings for Inferred Entity Instance: BCD_COUNTER:counter_UUT|lpm_divide:Div0
 15. Parameter Settings for Inferred Entity Instance: BCD_COUNTER:counter_UUT|lpm_divide:Mod1
 16. Parameter Settings for Inferred Entity Instance: BCD_COUNTER:counter_UUT|lpm_divide:Div2
 17. Parameter Settings for Inferred Entity Instance: BCD_COUNTER:counter_UUT|lpm_divide:Mod3
 18. Port Connectivity Checks: "SEVEN_SEG:THOUSNDS_UUT"
 19. Port Connectivity Checks: "SEVEN_SEG:HUNDREDS_UUT"
 20. Port Connectivity Checks: "SEVEN_SEG:TENS_UUT"
 21. Port Connectivity Checks: "SEVEN_SEG:UNITIES_UUT"
 22. Port Connectivity Checks: "BCD_COUNTER:counter_UUT"
 23. Port Connectivity Checks: "FDIV:FDIV_UUT"
 24. Post-Synthesis Netlist Statistics for Top Partition
 25. Elapsed Time Per Partition
 26. Analysis & Synthesis Messages



----------------
; Legal Notice ;
----------------
Copyright (C) 2018  Intel Corporation. All rights reserved.
Your use of Intel Corporation's design tools, logic functions 
and other software and tools, and its AMPP partner logic 
functions, and any output files from any of the foregoing 
(including device programming or simulation files), and any 
associated documentation or information are expressly subject 
to the terms and conditions of the Intel Program License 
Subscription Agreement, the Intel Quartus Prime License Agreement,
the Intel FPGA IP License Agreement, or other applicable license
agreement, including, without limitation, that your use is for
the sole purpose of programming logic devices manufactured by
Intel and sold by Intel or its authorized distributors.  Please
refer to the applicable agreement for further details.



+----------------------------------------------------------------------------------+
; Analysis & Synthesis Summary                                                     ;
+------------------------------------+---------------------------------------------+
; Analysis & Synthesis Status        ; Successful - Wed Apr 08 13:42:17 2026       ;
; Quartus Prime Version              ; 18.1.0 Build 625 09/12/2018 SJ Lite Edition ;
; Revision Name                      ; TP1_BCD                                     ;
; Top-level Entity Name              ; TP1_BCD                                     ;
; Family                             ; MAX 10                                      ;
; Total logic elements               ; 6,065                                       ;
;     Total combinational functions  ; 6,051                                       ;
;     Dedicated logic registers      ; 63                                          ;
; Total registers                    ; 63                                          ;
; Total pins                         ; 41                                          ;
; Total virtual pins                 ; 0                                           ;
; Total memory bits                  ; 0                                           ;
; Embedded Multiplier 9-bit elements ; 0                                           ;
; Total PLLs                         ; 0                                           ;
; UFM blocks                         ; 0                                           ;
; ADC blocks                         ; 0                                           ;
+------------------------------------+---------------------------------------------+


+------------------------------------------------------------------------------------------------------------+
; Analysis & Synthesis Settings                                                                              ;
+------------------------------------------------------------------+--------------------+--------------------+
; Option                                                           ; Setting            ; Default Value      ;
+------------------------------------------------------------------+--------------------+--------------------+
; Device                                                           ; 10M50DAF484C7G     ;                    ;
; Top-level entity name                                            ; TP1_BCD            ; TP1_BCD            ;
; Family name                                                      ; MAX 10             ; Cyclone V          ;
; Use smart compilation                                            ; Off                ; Off                ;
; Enable parallel Assembler and Timing Analyzer during compilation ; On                 ; On                 ;
; Enable compact report table                                      ; Off                ; Off                ;
; Restructure Multiplexers                                         ; Auto               ; Auto               ;
; Create Debugging Nodes for IP Cores                              ; Off                ; Off                ;
; Preserve fewer node names                                        ; On                 ; On                 ;
; Intel FPGA IP Evaluation Mode                                    ; Enable             ; Enable             ;
; Verilog Version                                                  ; Verilog_2001       ; Verilog_2001       ;
; VHDL Version                                                     ; VHDL_1993          ; VHDL_1993          ;
; State Machine Processing                                         ; Auto               ; Auto               ;
; Safe State Machine                                               ; Off                ; Off                ;
; Extract Verilog State Machines                                   ; On                 ; On                 ;
; Extract VHDL State Machines                                      ; On                 ; On                 ;
; Ignore Verilog initial constructs                                ; Off                ; Off                ;
; Iteration limit for constant Verilog loops                       ; 5000               ; 5000               ;
; Iteration limit for non-constant Verilog loops                   ; 250                ; 250                ;
; Add Pass-Through Logic to Inferred RAMs                          ; On                 ; On                 ;
; Infer RAMs from Raw Logic                                        ; On                 ; On                 ;
; Parallel Synthesis                                               ; On                 ; On                 ;
; DSP Block Balancing                                              ; Auto               ; Auto               ;
; NOT Gate Push-Back                                               ; On                 ; On                 ;
; Power-Up Don't Care                                              ; On                 ; On                 ;
; Remove Redundant Logic Cells                                     ; Off                ; Off                ;
; Remove Duplicate Registers                                       ; On                 ; On                 ;
; Ignore CARRY Buffers                                             ; Off                ; Off                ;
; Ignore CASCADE Buffers                                           ; Off                ; Off                ;
; Ignore GLOBAL Buffers                                            ; Off                ; Off                ;
; Ignore ROW GLOBAL Buffers                                        ; Off                ; Off                ;
; Ignore LCELL Buffers                                             ; Off                ; Off                ;
; Ignore SOFT Buffers                                              ; On                 ; On                 ;
; Limit AHDL Integers to 32 Bits                                   ; Off                ; Off                ;
; Optimization Technique                                           ; Balanced           ; Balanced           ;
; Carry Chain Length                                               ; 70                 ; 70                 ;
; Auto Carry Chains                                                ; On                 ; On                 ;
; Auto Open-Drain Pins                                             ; On                 ; On                 ;
; Perform WYSIWYG Primitive Resynthesis                            ; Off                ; Off                ;
; Auto ROM Replacement                                             ; On                 ; On                 ;
; Auto RAM Replacement                                             ; On                 ; On                 ;
; Auto DSP Block Replacement                                       ; On                 ; On                 ;
; Auto Shift Register Replacement                                  ; Auto               ; Auto               ;
; Allow Shift Register Merging across Hierarchies                  ; Auto               ; Auto               ;
; Auto Clock Enable Replacement                                    ; On                 ; On                 ;
; Strict RAM Replacement                                           ; Off                ; Off                ;
; Allow Synchronous Control Signals                                ; On                 ; On                 ;
; Force Use of Synchronous Clear Signals                           ; Off                ; Off                ;
; Auto RAM Block Balancing                                         ; On                 ; On                 ;
; Auto RAM to Logic Cell Conversion                                ; Off                ; Off                ;
; Auto Resource Sharing                                            ; Off                ; Off                ;
; Allow Any RAM Size For Recognition                               ; Off                ; Off                ;
; Allow Any ROM Size For Recognition                               ; Off                ; Off                ;
; Allow Any Shift Register Size For Recognition                    ; Off                ; Off                ;
; Use LogicLock Constraints during Resource Balancing              ; On                 ; On                 ;
; Ignore translate_off and synthesis_off directives                ; Off                ; Off                ;
; Timing-Driven Synthesis                                          ; On                 ; On                 ;
; Report Parameter Settings                                        ; On                 ; On                 ;
; Report Source Assignments                                        ; On                 ; On                 ;
; Report Connectivity Checks                                       ; On                 ; On                 ;
; Ignore Maximum Fan-Out Assignments                               ; Off                ; Off                ;
; Synchronization Register Chain Length                            ; 2                  ; 2                  ;
; Power Optimization During Synthesis                              ; Normal compilation ; Normal compilation ;
; HDL message level                                                ; Level2             ; Level2             ;
; Suppress Register Optimization Related Messages                  ; Off                ; Off                ;
; Number of Removed Registers Reported in Synthesis Report         ; 5000               ; 5000               ;
; Number of Swept Nodes Reported in Synthesis Report               ; 5000               ; 5000               ;
; Number of Inverted Registers Reported in Synthesis Report        ; 100                ; 100                ;
; Clock MUX Protection                                             ; On                 ; On                 ;
; Auto Gated Clock Conversion                                      ; Off                ; Off                ;
; Block Design Naming                                              ; Auto               ; Auto               ;
; SDC constraint protection                                        ; Off                ; Off                ;
; Synthesis Effort                                                 ; Auto               ; Auto               ;
; Shift Register Replacement - Allow Asynchronous Clear Signal     ; On                 ; On                 ;
; Pre-Mapping Resynthesis Optimization                             ; Off                ; Off                ;
; Analysis & Synthesis Message Level                               ; Medium             ; Medium             ;
; Disable Register Merging Across Hierarchies                      ; Auto               ; Auto               ;
; Resource Aware Inference For Block RAM                           ; On                 ; On                 ;
+------------------------------------------------------------------+--------------------+--------------------+


+------------------------------------------+
; Parallel Compilation                     ;
+----------------------------+-------------+
; Processors                 ; Number      ;
+----------------------------+-------------+
; Number detected on machine ; 12          ;
; Maximum allowed            ; 12          ;
;                            ;             ;
; Average used               ; 1.00        ;
; Maximum used               ; 12          ;
;                            ;             ;
; Usage by Processor         ; % Time Used ;
;     Processor 1            ; 100.0%      ;
;     Processor 2            ;   0.0%      ;
;     Processor 3            ;   0.0%      ;
;     Processor 4            ;   0.0%      ;
;     Processor 5            ;   0.0%      ;
;     Processor 6            ;   0.0%      ;
;     Processor 7            ;   0.0%      ;
;     Processor 8            ;   0.0%      ;
;     Processors 9-12        ;   0.0%      ;
+----------------------------+-------------+


+----------------------------------------------------------------------------------------------------------------------------------------------------------------------------------------------------------------------------------------------------------------------------+
; Analysis & Synthesis Source Files Read                                                                                                                                                                                                                                     ;
+----------------------------------+-----------------+------------------------------+------------------------------------------------------------------------------------------------------------------------------------------------------------------------------+---------+
; File Name with User-Entered Path ; Used in Netlist ; File Type                    ; File Name with Absolute Path                                                                                                                                                 ; Library ;
+----------------------------------+-----------------+------------------------------+------------------------------------------------------------------------------------------------------------------------------------------------------------------------------+---------+
; ../src/TP1_BCD.vhd               ; yes             ; User VHDL File               ; H:/Mon Drive/2025-2026_polytech_sorbonne/S6/UE-Electronique/VHDL_Comportemental/TP_projet/TP1_BCD_HeratBeat_DE10_Lite/TP1_BCD_HeratBeat_DE10_Lite/src/TP1_BCD.vhd            ;         ;
; ../src/SEVEN_SEG.vhd             ; yes             ; User VHDL File               ; H:/Mon Drive/2025-2026_polytech_sorbonne/S6/UE-Electronique/VHDL_Comportemental/TP_projet/TP1_BCD_HeratBeat_DE10_Lite/TP1_BCD_HeratBeat_DE10_Lite/src/SEVEN_SEG.vhd          ;         ;
; ../src/FDIV.vhd                  ; yes             ; User VHDL File               ; H:/Mon Drive/2025-2026_polytech_sorbonne/S6/UE-Electronique/VHDL_Comportemental/TP_projet/TP1_BCD_HeratBeat_DE10_Lite/TP1_BCD_HeratBeat_DE10_Lite/src/FDIV.vhd               ;         ;
; ../src/bcd_counter.vhd           ; yes             ; User VHDL File               ; H:/Mon Drive/2025-2026_polytech_sorbonne/S6/UE-Electronique/VHDL_Comportemental/TP_projet/TP1_BCD_HeratBeat_DE10_Lite/TP1_BCD_HeratBeat_DE10_Lite/src/bcd_counter.vhd        ;         ;
; lpm_divide.tdf                   ; yes             ; Megafunction                 ; c:/intelfpga_lite/18.1/quartus/libraries/megafunctions/lpm_divide.tdf                                                                                                        ;         ;
; abs_divider.inc                  ; yes             ; Megafunction                 ; c:/intelfpga_lite/18.1/quartus/libraries/megafunctions/abs_divider.inc                                                                                                       ;         ;
; sign_div_unsign.inc              ; yes             ; Megafunction                 ; c:/intelfpga_lite/18.1/quartus/libraries/megafunctions/sign_div_unsign.inc                                                                                                   ;         ;
; aglobal181.inc                   ; yes             ; Megafunction                 ; c:/intelfpga_lite/18.1/quartus/libraries/megafunctions/aglobal181.inc                                                                                                        ;         ;
; db/lpm_divide_25o.tdf            ; yes             ; Auto-Generated Megafunction  ; H:/Mon Drive/2025-2026_polytech_sorbonne/S6/UE-Electronique/VHDL_Comportemental/TP_projet/TP1_BCD_HeratBeat_DE10_Lite/TP1_BCD_HeratBeat_DE10_Lite/fit/db/lpm_divide_25o.tdf  ;         ;
; db/abs_divider_4dg.tdf           ; yes             ; Auto-Generated Megafunction  ; H:/Mon Drive/2025-2026_polytech_sorbonne/S6/UE-Electronique/VHDL_Comportemental/TP_projet/TP1_BCD_HeratBeat_DE10_Lite/TP1_BCD_HeratBeat_DE10_Lite/fit/db/abs_divider_4dg.tdf ;         ;
; db/alt_u_div_ske.tdf             ; yes             ; Auto-Generated Megafunction  ; H:/Mon Drive/2025-2026_polytech_sorbonne/S6/UE-Electronique/VHDL_Comportemental/TP_projet/TP1_BCD_HeratBeat_DE10_Lite/TP1_BCD_HeratBeat_DE10_Lite/fit/db/alt_u_div_ske.tdf   ;         ;
; db/add_sub_t3c.tdf               ; yes             ; Auto-Generated Megafunction  ; H:/Mon Drive/2025-2026_polytech_sorbonne/S6/UE-Electronique/VHDL_Comportemental/TP_projet/TP1_BCD_HeratBeat_DE10_Lite/TP1_BCD_HeratBeat_DE10_Lite/fit/db/add_sub_t3c.tdf     ;         ;
; db/add_sub_u3c.tdf               ; yes             ; Auto-Generated Megafunction  ; H:/Mon Drive/2025-2026_polytech_sorbonne/S6/UE-Electronique/VHDL_Comportemental/TP_projet/TP1_BCD_HeratBeat_DE10_Lite/TP1_BCD_HeratBeat_DE10_Lite/fit/db/add_sub_u3c.tdf     ;         ;
; db/lpm_abs_8b9.tdf               ; yes             ; Auto-Generated Megafunction  ; H:/Mon Drive/2025-2026_polytech_sorbonne/S6/UE-Electronique/VHDL_Comportemental/TP_projet/TP1_BCD_HeratBeat_DE10_Lite/TP1_BCD_HeratBeat_DE10_Lite/fit/db/lpm_abs_8b9.tdf     ;         ;
; db/lpm_divide_fbo.tdf            ; yes             ; Auto-Generated Megafunction  ; H:/Mon Drive/2025-2026_polytech_sorbonne/S6/UE-Electronique/VHDL_Comportemental/TP_projet/TP1_BCD_HeratBeat_DE10_Lite/TP1_BCD_HeratBeat_DE10_Lite/fit/db/lpm_divide_fbo.tdf  ;         ;
; db/abs_divider_kbg.tdf           ; yes             ; Auto-Generated Megafunction  ; H:/Mon Drive/2025-2026_polytech_sorbonne/S6/UE-Electronique/VHDL_Comportemental/TP_projet/TP1_BCD_HeratBeat_DE10_Lite/TP1_BCD_HeratBeat_DE10_Lite/fit/db/abs_divider_kbg.tdf ;         ;
; db/alt_u_div_she.tdf             ; yes             ; Auto-Generated Megafunction  ; H:/Mon Drive/2025-2026_polytech_sorbonne/S6/UE-Electronique/VHDL_Comportemental/TP_projet/TP1_BCD_HeratBeat_DE10_Lite/TP1_BCD_HeratBeat_DE10_Lite/fit/db/alt_u_div_she.tdf   ;         ;
; db/lpm_abs_o99.tdf               ; yes             ; Auto-Generated Megafunction  ; H:/Mon Drive/2025-2026_polytech_sorbonne/S6/UE-Electronique/VHDL_Comportemental/TP_projet/TP1_BCD_HeratBeat_DE10_Lite/TP1_BCD_HeratBeat_DE10_Lite/fit/db/lpm_abs_o99.tdf     ;         ;
; db/lpm_divide_sco.tdf            ; yes             ; Auto-Generated Megafunction  ; H:/Mon Drive/2025-2026_polytech_sorbonne/S6/UE-Electronique/VHDL_Comportemental/TP_projet/TP1_BCD_HeratBeat_DE10_Lite/TP1_BCD_HeratBeat_DE10_Lite/fit/db/lpm_divide_sco.tdf  ;         ;
; db/abs_divider_1dg.tdf           ; yes             ; Auto-Generated Megafunction  ; H:/Mon Drive/2025-2026_polytech_sorbonne/S6/UE-Electronique/VHDL_Comportemental/TP_projet/TP1_BCD_HeratBeat_DE10_Lite/TP1_BCD_HeratBeat_DE10_Lite/fit/db/abs_divider_1dg.tdf ;         ;
; db/alt_u_div_mke.tdf             ; yes             ; Auto-Generated Megafunction  ; H:/Mon Drive/2025-2026_polytech_sorbonne/S6/UE-Electronique/VHDL_Comportemental/TP_projet/TP1_BCD_HeratBeat_DE10_Lite/TP1_BCD_HeratBeat_DE10_Lite/fit/db/alt_u_div_mke.tdf   ;         ;
; db/lpm_abs_5b9.tdf               ; yes             ; Auto-Generated Megafunction  ; H:/Mon Drive/2025-2026_polytech_sorbonne/S6/UE-Electronique/VHDL_Comportemental/TP_projet/TP1_BCD_HeratBeat_DE10_Lite/TP1_BCD_HeratBeat_DE10_Lite/fit/db/lpm_abs_5b9.tdf     ;         ;
+----------------------------------+-----------------+------------------------------+------------------------------------------------------------------------------------------------------------------------------------------------------------------------------+---------+


+--------------------------------------------------------------------------------------------------------------+
; Analysis & Synthesis Resource Usage Summary                                                                  ;
+---------------------------------------------+----------------------------------------------------------------+
; Resource                                    ; Usage                                                          ;
+---------------------------------------------+----------------------------------------------------------------+
; Estimated Total logic elements              ; 6,065                                                          ;
;                                             ;                                                                ;
; Total combinational functions               ; 6051                                                           ;
; Logic element usage by number of LUT inputs ;                                                                ;
;     -- 4 input functions                    ; 1813                                                           ;
;     -- 3 input functions                    ; 1902                                                           ;
;     -- <=2 input functions                  ; 2336                                                           ;
;                                             ;                                                                ;
; Logic elements by mode                      ;                                                                ;
;     -- normal mode                          ; 4036                                                           ;
;     -- arithmetic mode                      ; 2015                                                           ;
;                                             ;                                                                ;
; Total registers                             ; 63                                                             ;
;     -- Dedicated logic registers            ; 63                                                             ;
;     -- I/O registers                        ; 0                                                              ;
;                                             ;                                                                ;
; I/O pins                                    ; 41                                                             ;
;                                             ;                                                                ;
; Embedded Multiplier 9-bit elements          ; 0                                                              ;
;                                             ;                                                                ;
; Maximum fan-out node                        ; BCD_COUNTER:counter_UUT|convert_unsigned_to_integer_calcul[31] ;
; Maximum fan-out                             ; 240                                                            ;
; Total fan-out                               ; 17659                                                          ;
; Average fan-out                             ; 2.85                                                           ;
+---------------------------------------------+----------------------------------------------------------------+


+----------------------------------------------------------------------------------------------------------------------------------------------------------------------------------------------------------------------------------------------------------------------------------------------------------------------------------------------------------------+
; Analysis & Synthesis Resource Utilization by Entity                                                                                                                                                                                                                                                                                                            ;
+------------------------------------------+---------------------+---------------------------+-------------+------------+--------------+---------+-----------+------+--------------+------------+-------------------------------------------------------------------------------------------------------------------------------+-----------------+--------------+
; Compilation Hierarchy Node               ; Combinational ALUTs ; Dedicated Logic Registers ; Memory Bits ; UFM Blocks ; DSP Elements ; DSP 9x9 ; DSP 18x18 ; Pins ; Virtual Pins ; ADC blocks ; Full Hierarchy Name                                                                                                           ; Entity Name     ; Library Name ;
+------------------------------------------+---------------------+---------------------------+-------------+------------+--------------+---------+-----------+------+--------------+------------+-------------------------------------------------------------------------------------------------------------------------------+-----------------+--------------+
; |TP1_BCD                                 ; 6051 (0)            ; 63 (0)                    ; 0           ; 0          ; 0            ; 0       ; 0         ; 41   ; 0            ; 0          ; |TP1_BCD                                                                                                                      ; TP1_BCD         ; work         ;
;    |BCD_COUNTER:counter_UUT|             ; 6006 (174)          ; 43 (43)                   ; 0           ; 0          ; 0            ; 0       ; 0         ; 0    ; 0            ; 0          ; |TP1_BCD|BCD_COUNTER:counter_UUT                                                                                              ; BCD_COUNTER     ; work         ;
;       |lpm_divide:Div0|                  ; 546 (0)             ; 0 (0)                     ; 0           ; 0          ; 0            ; 0       ; 0         ; 0    ; 0            ; 0          ; |TP1_BCD|BCD_COUNTER:counter_UUT|lpm_divide:Div0                                                                              ; lpm_divide      ; work         ;
;          |lpm_divide_fbo:auto_generated| ; 546 (0)             ; 0 (0)                     ; 0           ; 0          ; 0            ; 0       ; 0         ; 0    ; 0            ; 0          ; |TP1_BCD|BCD_COUNTER:counter_UUT|lpm_divide:Div0|lpm_divide_fbo:auto_generated                                                ; lpm_divide_fbo  ; work         ;
;             |abs_divider_kbg:divider|    ; 546 (64)            ; 0 (0)                     ; 0           ; 0          ; 0            ; 0       ; 0         ; 0    ; 0            ; 0          ; |TP1_BCD|BCD_COUNTER:counter_UUT|lpm_divide:Div0|lpm_divide_fbo:auto_generated|abs_divider_kbg:divider                        ; abs_divider_kbg ; work         ;
;                |alt_u_div_she:divider|   ; 449 (449)           ; 0 (0)                     ; 0           ; 0          ; 0            ; 0       ; 0         ; 0    ; 0            ; 0          ; |TP1_BCD|BCD_COUNTER:counter_UUT|lpm_divide:Div0|lpm_divide_fbo:auto_generated|abs_divider_kbg:divider|alt_u_div_she:divider  ; alt_u_div_she   ; work         ;
;                |lpm_abs_8b9:my_abs_num|  ; 33 (33)             ; 0 (0)                     ; 0           ; 0          ; 0            ; 0       ; 0         ; 0    ; 0            ; 0          ; |TP1_BCD|BCD_COUNTER:counter_UUT|lpm_divide:Div0|lpm_divide_fbo:auto_generated|abs_divider_kbg:divider|lpm_abs_8b9:my_abs_num ; lpm_abs_8b9     ; work         ;
;       |lpm_divide:Div2|                  ; 817 (0)             ; 0 (0)                     ; 0           ; 0          ; 0            ; 0       ; 0         ; 0    ; 0            ; 0          ; |TP1_BCD|BCD_COUNTER:counter_UUT|lpm_divide:Div2                                                                              ; lpm_divide      ; work         ;
;          |lpm_divide_sco:auto_generated| ; 817 (0)             ; 0 (0)                     ; 0           ; 0          ; 0            ; 0       ; 0         ; 0    ; 0            ; 0          ; |TP1_BCD|BCD_COUNTER:counter_UUT|lpm_divide:Div2|lpm_divide_sco:auto_generated                                                ; lpm_divide_sco  ; work         ;
;             |abs_divider_1dg:divider|    ; 817 (52)            ; 0 (0)                     ; 0           ; 0          ; 0            ; 0       ; 0         ; 0    ; 0            ; 0          ; |TP1_BCD|BCD_COUNTER:counter_UUT|lpm_divide:Div2|lpm_divide_sco:auto_generated|abs_divider_1dg:divider                        ; abs_divider_1dg ; work         ;
;                |alt_u_div_mke:divider|   ; 744 (744)           ; 0 (0)                     ; 0           ; 0          ; 0            ; 0       ; 0         ; 0    ; 0            ; 0          ; |TP1_BCD|BCD_COUNTER:counter_UUT|lpm_divide:Div2|lpm_divide_sco:auto_generated|abs_divider_1dg:divider|alt_u_div_mke:divider  ; alt_u_div_mke   ; work         ;
;                |lpm_abs_8b9:my_abs_num|  ; 21 (21)             ; 0 (0)                     ; 0           ; 0          ; 0            ; 0       ; 0         ; 0    ; 0            ; 0          ; |TP1_BCD|BCD_COUNTER:counter_UUT|lpm_divide:Div2|lpm_divide_sco:auto_generated|abs_divider_1dg:divider|lpm_abs_8b9:my_abs_num ; lpm_abs_8b9     ; work         ;
;       |lpm_divide:Mod0|                  ; 1537 (0)            ; 0 (0)                     ; 0           ; 0          ; 0            ; 0       ; 0         ; 0    ; 0            ; 0          ; |TP1_BCD|BCD_COUNTER:counter_UUT|lpm_divide:Mod0                                                                              ; lpm_divide      ; work         ;
;          |lpm_divide_25o:auto_generated| ; 1537 (0)            ; 0 (0)                     ; 0           ; 0          ; 0            ; 0       ; 0         ; 0    ; 0            ; 0          ; |TP1_BCD|BCD_COUNTER:counter_UUT|lpm_divide:Mod0|lpm_divide_25o:auto_generated                                                ; lpm_divide_25o  ; work         ;
;             |abs_divider_4dg:divider|    ; 1537 (8)            ; 0 (0)                     ; 0           ; 0          ; 0            ; 0       ; 0         ; 0    ; 0            ; 0          ; |TP1_BCD|BCD_COUNTER:counter_UUT|lpm_divide:Mod0|lpm_divide_25o:auto_generated|abs_divider_4dg:divider                        ; abs_divider_4dg ; work         ;
;                |alt_u_div_ske:divider|   ; 1510 (1510)         ; 0 (0)                     ; 0           ; 0          ; 0            ; 0       ; 0         ; 0    ; 0            ; 0          ; |TP1_BCD|BCD_COUNTER:counter_UUT|lpm_divide:Mod0|lpm_divide_25o:auto_generated|abs_divider_4dg:divider|alt_u_div_ske:divider  ; alt_u_div_ske   ; work         ;
;                |lpm_abs_8b9:my_abs_num|  ; 19 (19)             ; 0 (0)                     ; 0           ; 0          ; 0            ; 0       ; 0         ; 0    ; 0            ; 0          ; |TP1_BCD|BCD_COUNTER:counter_UUT|lpm_divide:Mod0|lpm_divide_25o:auto_generated|abs_divider_4dg:divider|lpm_abs_8b9:my_abs_num ; lpm_abs_8b9     ; work         ;
;       |lpm_divide:Mod1|                  ; 1543 (0)            ; 0 (0)                     ; 0           ; 0          ; 0            ; 0       ; 0         ; 0    ; 0            ; 0          ; |TP1_BCD|BCD_COUNTER:counter_UUT|lpm_divide:Mod1                                                                              ; lpm_divide      ; work         ;
;          |lpm_divide_25o:auto_generated| ; 1543 (0)            ; 0 (0)                     ; 0           ; 0          ; 0            ; 0       ; 0         ; 0    ; 0            ; 0          ; |TP1_BCD|BCD_COUNTER:counter_UUT|lpm_divide:Mod1|lpm_divide_25o:auto_generated                                                ; lpm_divide_25o  ; work         ;
;             |abs_divider_4dg:divider|    ; 1543 (8)            ; 0 (0)                     ; 0           ; 0          ; 0            ; 0       ; 0         ; 0    ; 0            ; 0          ; |TP1_BCD|BCD_COUNTER:counter_UUT|lpm_divide:Mod1|lpm_divide_25o:auto_generated|abs_divider_4dg:divider                        ; abs_divider_4dg ; work         ;
;                |alt_u_div_ske:divider|   ; 1498 (1498)         ; 0 (0)                     ; 0           ; 0          ; 0            ; 0       ; 0         ; 0    ; 0            ; 0          ; |TP1_BCD|BCD_COUNTER:counter_UUT|lpm_divide:Mod1|lpm_divide_25o:auto_generated|abs_divider_4dg:divider|alt_u_div_ske:divider  ; alt_u_div_ske   ; work         ;
;                |lpm_abs_8b9:my_abs_num|  ; 37 (37)             ; 0 (0)                     ; 0           ; 0          ; 0            ; 0       ; 0         ; 0    ; 0            ; 0          ; |TP1_BCD|BCD_COUNTER:counter_UUT|lpm_divide:Mod1|lpm_divide_25o:auto_generated|abs_divider_4dg:divider|lpm_abs_8b9:my_abs_num ; lpm_abs_8b9     ; work         ;
;       |lpm_divide:Mod3|                  ; 1389 (0)            ; 0 (0)                     ; 0           ; 0          ; 0            ; 0       ; 0         ; 0    ; 0            ; 0          ; |TP1_BCD|BCD_COUNTER:counter_UUT|lpm_divide:Mod3                                                                              ; lpm_divide      ; work         ;
;          |lpm_divide_25o:auto_generated| ; 1389 (0)            ; 0 (0)                     ; 0           ; 0          ; 0            ; 0       ; 0         ; 0    ; 0            ; 0          ; |TP1_BCD|BCD_COUNTER:counter_UUT|lpm_divide:Mod3|lpm_divide_25o:auto_generated                                                ; lpm_divide_25o  ; work         ;
;             |abs_divider_4dg:divider|    ; 1389 (8)            ; 0 (0)                     ; 0           ; 0          ; 0            ; 0       ; 0         ; 0    ; 0            ; 0          ; |TP1_BCD|BCD_COUNTER:counter_UUT|lpm_divide:Mod3|lpm_divide_25o:auto_generated|abs_divider_4dg:divider                        ; abs_divider_4dg ; work         ;
;                |alt_u_div_ske:divider|   ; 1357 (1357)         ; 0 (0)                     ; 0           ; 0          ; 0            ; 0       ; 0         ; 0    ; 0            ; 0          ; |TP1_BCD|BCD_COUNTER:counter_UUT|lpm_divide:Mod3|lpm_divide_25o:auto_generated|abs_divider_4dg:divider|alt_u_div_ske:divider  ; alt_u_div_ske   ; work         ;
;                |lpm_abs_8b9:my_abs_num|  ; 24 (24)             ; 0 (0)                     ; 0           ; 0          ; 0            ; 0       ; 0         ; 0    ; 0            ; 0          ; |TP1_BCD|BCD_COUNTER:counter_UUT|lpm_divide:Mod3|lpm_divide_25o:auto_generated|abs_divider_4dg:divider|lpm_abs_8b9:my_abs_num ; lpm_abs_8b9     ; work         ;
;    |FDIV:FDIV_UUT|                       ; 24 (24)             ; 20 (20)                   ; 0           ; 0          ; 0            ; 0       ; 0         ; 0    ; 0            ; 0          ; |TP1_BCD|FDIV:FDIV_UUT                                                                                                        ; FDIV            ; work         ;
;    |SEVEN_SEG:TENS_UUT|                  ; 7 (7)               ; 0 (0)                     ; 0           ; 0          ; 0            ; 0       ; 0         ; 0    ; 0            ; 0          ; |TP1_BCD|SEVEN_SEG:TENS_UUT                                                                                                   ; SEVEN_SEG       ; work         ;
;    |SEVEN_SEG:THOUSNDS_UUT|              ; 7 (7)               ; 0 (0)                     ; 0           ; 0          ; 0            ; 0       ; 0         ; 0    ; 0            ; 0          ; |TP1_BCD|SEVEN_SEG:THOUSNDS_UUT                                                                                               ; SEVEN_SEG       ; work         ;
;    |SEVEN_SEG:UNITIES_UUT|               ; 7 (7)               ; 0 (0)                     ; 0           ; 0          ; 0            ; 0       ; 0         ; 0    ; 0            ; 0          ; |TP1_BCD|SEVEN_SEG:UNITIES_UUT                                                                                                ; SEVEN_SEG       ; work         ;
+------------------------------------------+---------------------+---------------------------+-------------+------------+--------------+---------+-----------+------+--------------+------------+-------------------------------------------------------------------------------------------------------------------------------+-----------------+--------------+
Note: For table entries with two numbers listed, the numbers in parentheses indicate the number of resources of the given type used by the specific entity alone. The numbers listed outside of parentheses indicate the total resources of the given type used by the specific entity and all of its sub-entities in the hierarchy.


+-------------------------------------------------------------------------------------------------------------+
; Registers Removed During Synthesis                                                                          ;
+--------------------------------------------------------------------+----------------------------------------+
; Register name                                                      ; Reason for Removal                     ;
+--------------------------------------------------------------------+----------------------------------------+
; BCD_COUNTER:counter_UUT|convert_unsigned_to_integer_calcul[14..30] ; Stuck at GND due to stuck port data_in ;
; Total Number of Removed Registers = 17                             ;                                        ;
+--------------------------------------------------------------------+----------------------------------------+


+------------------------------------------------------+
; General Register Statistics                          ;
+----------------------------------------------+-------+
; Statistic                                    ; Value ;
+----------------------------------------------+-------+
; Total registers                              ; 63    ;
; Number of registers using Synchronous Clear  ; 27    ;
; Number of registers using Synchronous Load   ; 0     ;
; Number of registers using Asynchronous Clear ; 48    ;
; Number of registers using Asynchronous Load  ; 0     ;
; Number of registers using Clock Enable       ; 53    ;
; Number of registers using Preset             ; 0     ;
+----------------------------------------------+-------+


+--------------------------------------------------------------------------+
; Inverted Register Statistics                                             ;
+----------------------------------------------------------------+---------+
; Inverted Register                                              ; Fan out ;
+----------------------------------------------------------------+---------+
; BCD_COUNTER:counter_UUT|convert_unsigned_to_integer_calcul[31] ; 240     ;
; BCD_COUNTER:counter_UUT|convert_unsigned_to_integer_calcul[0]  ; 11      ;
; Total number of inverted registers = 2                         ;         ;
+----------------------------------------------------------------+---------+


+------------------------------------------------------------+
; Parameter Settings for User Entity Instance: FDIV:FDIV_UUT ;
+----------------+----------+--------------------------------+
; Parameter Name ; Value    ; Type                           ;
+----------------+----------+--------------------------------+
; fclock         ; 50000000 ; Signed Integer                 ;
+----------------+----------+--------------------------------+
Note: In order to hide this table in the UI and the text report file, please set the "Show Parameter Settings in Synthesis Report" option in "Analysis and Synthesis Settings -> More Settings" to "Off".


+----------------------------------------------------------------------+
; Parameter Settings for User Entity Instance: BCD_COUNTER:counter_UUT ;
+----------------+-------+---------------------------------------------+
; Parameter Name ; Value ; Type                                        ;
+----------------+-------+---------------------------------------------+
; n              ; 2     ; Signed Integer                              ;
+----------------+-------+---------------------------------------------+
Note: In order to hide this table in the UI and the text report file, please set the "Show Parameter Settings in Synthesis Report" option in "Analysis and Synthesis Settings -> More Settings" to "Off".


+------------------------------------------------------------------------------------------+
; Parameter Settings for Inferred Entity Instance: BCD_COUNTER:counter_UUT|lpm_divide:Mod0 ;
+------------------------+----------------+------------------------------------------------+
; Parameter Name         ; Value          ; Type                                           ;
+------------------------+----------------+------------------------------------------------+
; LPM_WIDTHN             ; 32             ; Untyped                                        ;
; LPM_WIDTHD             ; 32             ; Untyped                                        ;
; LPM_NREPRESENTATION    ; SIGNED         ; Untyped                                        ;
; LPM_DREPRESENTATION    ; SIGNED         ; Untyped                                        ;
; LPM_PIPELINE           ; 0              ; Untyped                                        ;
; LPM_REMAINDERPOSITIVE  ; FALSE          ; Untyped                                        ;
; MAXIMIZE_SPEED         ; 5              ; Untyped                                        ;
; CBXI_PARAMETER         ; lpm_divide_25o ; Untyped                                        ;
; CARRY_CHAIN            ; MANUAL         ; Untyped                                        ;
; OPTIMIZE_FOR_SPEED     ; 5              ; Untyped                                        ;
; AUTO_CARRY_CHAINS      ; ON             ; AUTO_CARRY                                     ;
; IGNORE_CARRY_BUFFERS   ; OFF            ; IGNORE_CARRY                                   ;
; AUTO_CASCADE_CHAINS    ; ON             ; AUTO_CASCADE                                   ;
; IGNORE_CASCADE_BUFFERS ; OFF            ; IGNORE_CASCADE                                 ;
+------------------------+----------------+------------------------------------------------+
Note: In order to hide this table in the UI and the text report file, please set the "Show Parameter Settings in Synthesis Report" option in "Analysis and Synthesis Settings -> More Settings" to "Off".


+------------------------------------------------------------------------------------------+
; Parameter Settings for Inferred Entity Instance: BCD_COUNTER:counter_UUT|lpm_divide:Div0 ;
+------------------------+----------------+------------------------------------------------+
; Parameter Name         ; Value          ; Type                                           ;
+------------------------+----------------+------------------------------------------------+
; LPM_WIDTHN             ; 32             ; Untyped                                        ;
; LPM_WIDTHD             ; 5              ; Untyped                                        ;
; LPM_NREPRESENTATION    ; SIGNED         ; Untyped                                        ;
; LPM_DREPRESENTATION    ; SIGNED         ; Untyped                                        ;
; LPM_PIPELINE           ; 0              ; Untyped                                        ;
; LPM_REMAINDERPOSITIVE  ; FALSE          ; Untyped                                        ;
; MAXIMIZE_SPEED         ; 5              ; Untyped                                        ;
; CBXI_PARAMETER         ; lpm_divide_fbo ; Untyped                                        ;
; CARRY_CHAIN            ; MANUAL         ; Untyped                                        ;
; OPTIMIZE_FOR_SPEED     ; 5              ; Untyped                                        ;
; AUTO_CARRY_CHAINS      ; ON             ; AUTO_CARRY                                     ;
; IGNORE_CARRY_BUFFERS   ; OFF            ; IGNORE_CARRY                                   ;
; AUTO_CASCADE_CHAINS    ; ON             ; AUTO_CASCADE                                   ;
; IGNORE_CASCADE_BUFFERS ; OFF            ; IGNORE_CASCADE                                 ;
+------------------------+----------------+------------------------------------------------+
Note: In order to hide this table in the UI and the text report file, please set the "Show Parameter Settings in Synthesis Report" option in "Analysis and Synthesis Settings -> More Settings" to "Off".


+------------------------------------------------------------------------------------------+
; Parameter Settings for Inferred Entity Instance: BCD_COUNTER:counter_UUT|lpm_divide:Mod1 ;
+------------------------+----------------+------------------------------------------------+
; Parameter Name         ; Value          ; Type                                           ;
+------------------------+----------------+------------------------------------------------+
; LPM_WIDTHN             ; 32             ; Untyped                                        ;
; LPM_WIDTHD             ; 32             ; Untyped                                        ;
; LPM_NREPRESENTATION    ; SIGNED         ; Untyped                                        ;
; LPM_DREPRESENTATION    ; SIGNED         ; Untyped                                        ;
; LPM_PIPELINE           ; 0              ; Untyped                                        ;
; LPM_REMAINDERPOSITIVE  ; FALSE          ; Untyped                                        ;
; MAXIMIZE_SPEED         ; 5              ; Untyped                                        ;
; CBXI_PARAMETER         ; lpm_divide_25o ; Untyped                                        ;
; CARRY_CHAIN            ; MANUAL         ; Untyped                                        ;
; OPTIMIZE_FOR_SPEED     ; 5              ; Untyped                                        ;
; AUTO_CARRY_CHAINS      ; ON             ; AUTO_CARRY                                     ;
; IGNORE_CARRY_BUFFERS   ; OFF            ; IGNORE_CARRY                                   ;
; AUTO_CASCADE_CHAINS    ; ON             ; AUTO_CASCADE                                   ;
; IGNORE_CASCADE_BUFFERS ; OFF            ; IGNORE_CASCADE                                 ;
+------------------------+----------------+------------------------------------------------+
Note: In order to hide this table in the UI and the text report file, please set the "Show Parameter Settings in Synthesis Report" option in "Analysis and Synthesis Settings -> More Settings" to "Off".


+------------------------------------------------------------------------------------------+
; Parameter Settings for Inferred Entity Instance: BCD_COUNTER:counter_UUT|lpm_divide:Div2 ;
+------------------------+----------------+------------------------------------------------+
; Parameter Name         ; Value          ; Type                                           ;
+------------------------+----------------+------------------------------------------------+
; LPM_WIDTHN             ; 32             ; Untyped                                        ;
; LPM_WIDTHD             ; 11             ; Untyped                                        ;
; LPM_NREPRESENTATION    ; SIGNED         ; Untyped                                        ;
; LPM_DREPRESENTATION    ; SIGNED         ; Untyped                                        ;
; LPM_PIPELINE           ; 0              ; Untyped                                        ;
; LPM_REMAINDERPOSITIVE  ; FALSE          ; Untyped                                        ;
; MAXIMIZE_SPEED         ; 5              ; Untyped                                        ;
; CBXI_PARAMETER         ; lpm_divide_sco ; Untyped                                        ;
; CARRY_CHAIN            ; MANUAL         ; Untyped                                        ;
; OPTIMIZE_FOR_SPEED     ; 5              ; Untyped                                        ;
; AUTO_CARRY_CHAINS      ; ON             ; AUTO_CARRY                                     ;
; IGNORE_CARRY_BUFFERS   ; OFF            ; IGNORE_CARRY                                   ;
; AUTO_CASCADE_CHAINS    ; ON             ; AUTO_CASCADE                                   ;
; IGNORE_CASCADE_BUFFERS ; OFF            ; IGNORE_CASCADE                                 ;
+------------------------+----------------+------------------------------------------------+
Note: In order to hide this table in the UI and the text report file, please set the "Show Parameter Settings in Synthesis Report" option in "Analysis and Synthesis Settings -> More Settings" to "Off".


+------------------------------------------------------------------------------------------+
; Parameter Settings for Inferred Entity Instance: BCD_COUNTER:counter_UUT|lpm_divide:Mod3 ;
+------------------------+----------------+------------------------------------------------+
; Parameter Name         ; Value          ; Type                                           ;
+------------------------+----------------+------------------------------------------------+
; LPM_WIDTHN             ; 32             ; Untyped                                        ;
; LPM_WIDTHD             ; 32             ; Untyped                                        ;
; LPM_NREPRESENTATION    ; SIGNED         ; Untyped                                        ;
; LPM_DREPRESENTATION    ; SIGNED         ; Untyped                                        ;
; LPM_PIPELINE           ; 0              ; Untyped                                        ;
; LPM_REMAINDERPOSITIVE  ; FALSE          ; Untyped                                        ;
; MAXIMIZE_SPEED         ; 5              ; Untyped                                        ;
; CBXI_PARAMETER         ; lpm_divide_25o ; Untyped                                        ;
; CARRY_CHAIN            ; MANUAL         ; Untyped                                        ;
; OPTIMIZE_FOR_SPEED     ; 5              ; Untyped                                        ;
; AUTO_CARRY_CHAINS      ; ON             ; AUTO_CARRY                                     ;
; IGNORE_CARRY_BUFFERS   ; OFF            ; IGNORE_CARRY                                   ;
; AUTO_CASCADE_CHAINS    ; ON             ; AUTO_CASCADE                                   ;
; IGNORE_CASCADE_BUFFERS ; OFF            ; IGNORE_CASCADE                                 ;
+------------------------+----------------+------------------------------------------------+
Note: In order to hide this table in the UI and the text report file, please set the "Show Parameter Settings in Synthesis Report" option in "Analysis and Synthesis Settings -> More Settings" to "Off".


+----------------------------------------------------+
; Port Connectivity Checks: "SEVEN_SEG:THOUSNDS_UUT" ;
+------+-------+----------+--------------------------+
; Port ; Type  ; Severity ; Details                  ;
+------+-------+----------+--------------------------+
; pol  ; Input ; Info     ; Stuck at GND             ;
+------+-------+----------+--------------------------+


+----------------------------------------------------+
; Port Connectivity Checks: "SEVEN_SEG:HUNDREDS_UUT" ;
+------+-------+----------+--------------------------+
; Port ; Type  ; Severity ; Details                  ;
+------+-------+----------+--------------------------+
; pol  ; Input ; Info     ; Stuck at GND             ;
+------+-------+----------+--------------------------+


+------------------------------------------------+
; Port Connectivity Checks: "SEVEN_SEG:TENS_UUT" ;
+------+-------+----------+----------------------+
; Port ; Type  ; Severity ; Details              ;
+------+-------+----------+----------------------+
; pol  ; Input ; Info     ; Stuck at GND         ;
+------+-------+----------+----------------------+


+---------------------------------------------------+
; Port Connectivity Checks: "SEVEN_SEG:UNITIES_UUT" ;
+------+-------+----------+-------------------------+
; Port ; Type  ; Severity ; Details                 ;
+------+-------+----------+-------------------------+
; pol  ; Input ; Info     ; Stuck at GND            ;
+------+-------+----------+-------------------------+


+--------------------------------------------------------------------------------------------------------------------+
; Port Connectivity Checks: "BCD_COUNTER:counter_UUT"                                                                ;
+----------+--------+----------+-------------------------------------------------------------------------------------+
; Port     ; Type   ; Severity ; Details                                                                             ;
+----------+--------+----------+-------------------------------------------------------------------------------------+
; hundreds ; Output ; Info     ; Connected to dangling logic. Logic that only feeds a dangling port will be removed. ;
+----------+--------+----------+-------------------------------------------------------------------------------------+


+--------------------------------------------------------------------------------------------------------------------+
; Port Connectivity Checks: "FDIV:FDIV_UUT"                                                                          ;
+----------+--------+----------+-------------------------------------------------------------------------------------+
; Port     ; Type   ; Severity ; Details                                                                             ;
+----------+--------+----------+-------------------------------------------------------------------------------------+
; tick1us  ; Output ; Info     ; Connected to dangling logic. Logic that only feeds a dangling port will be removed. ;
; tick4us  ; Output ; Info     ; Connected to dangling logic. Logic that only feeds a dangling port will be removed. ;
; tick10us ; Output ; Info     ; Connected to dangling logic. Logic that only feeds a dangling port will be removed. ;
; tick10ms ; Output ; Info     ; Connected to dangling logic. Logic that only feeds a dangling port will be removed. ;
+----------+--------+----------+-------------------------------------------------------------------------------------+


+-----------------------------------------------------+
; Post-Synthesis Netlist Statistics for Top Partition ;
+-----------------------+-----------------------------+
; Type                  ; Count                       ;
+-----------------------+-----------------------------+
; boundary_port         ; 41                          ;
; cycloneiii_ff         ; 63                          ;
;     CLR               ; 4                           ;
;     CLR SCLR          ; 6                           ;
;     ENA               ; 15                          ;
;     ENA CLR           ; 17                          ;
;     ENA CLR SCLR      ; 21                          ;
; cycloneiii_lcell_comb ; 6054                        ;
;     arith             ; 2015                        ;
;         1 data inputs ; 10                          ;
;         2 data inputs ; 179                         ;
;         3 data inputs ; 1826                        ;
;     normal            ; 4039                        ;
;         0 data inputs ; 139                         ;
;         1 data inputs ; 8                           ;
;         2 data inputs ; 2003                        ;
;         3 data inputs ; 76                          ;
;         4 data inputs ; 1813                        ;
;                       ;                             ;
; Max LUT depth         ; 207.00                      ;
; Average LUT depth     ; 167.28                      ;
+-----------------------+-----------------------------+


+-------------------------------+
; Elapsed Time Per Partition    ;
+----------------+--------------+
; Partition Name ; Elapsed Time ;
+----------------+--------------+
; Top            ; 00:00:11     ;
+----------------+--------------+


+-------------------------------+
; Analysis & Synthesis Messages ;
+-------------------------------+
Info: *******************************************************************
Info: Running Quartus Prime Analysis & Synthesis
    Info: Version 18.1.0 Build 625 09/12/2018 SJ Lite Edition
    Info: Processing started: Wed Apr 08 13:41:49 2026
Info: Command: quartus_map --read_settings_files=on --write_settings_files=off TP1_BCD -c TP1_BCD
Warning (18236): Number of processors has not been specified which may cause overloading on shared machines.  Set the global assignment NUM_PARALLEL_PROCESSORS in your QSF to an appropriate value for best performance.
Info (20030): Parallel compilation is enabled and will use 12 of the 12 processors detected
Info (12021): Found 2 design units, including 1 entities, in source file /mon drive/2025-2026_polytech_sorbonne/s6/ue-electronique/vhdl_comportemental/tp_projet/tp1_bcd_heratbeat_de10_lite/tp1_bcd_heratbeat_de10_lite/src/tp1_heartbeat.vhd
    Info (12022): Found design unit 1: TP1_HeartBeat-RTL File: H:/Mon Drive/2025-2026_polytech_sorbonne/S6/UE-Electronique/VHDL_Comportemental/TP_projet/TP1_BCD_HeratBeat_DE10_Lite/TP1_BCD_HeratBeat_DE10_Lite/src/TP1_HeartBeat.vhd Line: 18
    Info (12023): Found entity 1: TP1_HeartBeat File: H:/Mon Drive/2025-2026_polytech_sorbonne/S6/UE-Electronique/VHDL_Comportemental/TP_projet/TP1_BCD_HeratBeat_DE10_Lite/TP1_BCD_HeratBeat_DE10_Lite/src/TP1_HeartBeat.vhd Line: 8
Info (12021): Found 2 design units, including 1 entities, in source file /mon drive/2025-2026_polytech_sorbonne/s6/ue-electronique/vhdl_comportemental/tp_projet/tp1_bcd_heratbeat_de10_lite/tp1_bcd_heratbeat_de10_lite/src/tp1_bcd.vhd
    Info (12022): Found design unit 1: TP1_BCD-RTL File: H:/Mon Drive/2025-2026_polytech_sorbonne/S6/UE-Electronique/VHDL_Comportemental/TP_projet/TP1_BCD_HeratBeat_DE10_Lite/TP1_BCD_HeratBeat_DE10_Lite/src/TP1_BCD.vhd Line: 21
    Info (12023): Found entity 1: TP1_BCD File: H:/Mon Drive/2025-2026_polytech_sorbonne/S6/UE-Electronique/VHDL_Comportemental/TP_projet/TP1_BCD_HeratBeat_DE10_Lite/TP1_BCD_HeratBeat_DE10_Lite/src/TP1_BCD.vhd Line: 8
Info (12021): Found 2 design units, including 1 entities, in source file /mon drive/2025-2026_polytech_sorbonne/s6/ue-electronique/vhdl_comportemental/tp_projet/tp1_bcd_heratbeat_de10_lite/tp1_bcd_heratbeat_de10_lite/src/seven_seg.vhd
    Info (12022): Found design unit 1: SEVEN_SEG-COMB File: H:/Mon Drive/2025-2026_polytech_sorbonne/S6/UE-Electronique/VHDL_Comportemental/TP_projet/TP1_BCD_HeratBeat_DE10_Lite/TP1_BCD_HeratBeat_DE10_Lite/src/SEVEN_SEG.vhd Line: 39
    Info (12023): Found entity 1: SEVEN_SEG File: H:/Mon Drive/2025-2026_polytech_sorbonne/S6/UE-Electronique/VHDL_Comportemental/TP_projet/TP1_BCD_HeratBeat_DE10_Lite/TP1_BCD_HeratBeat_DE10_Lite/src/SEVEN_SEG.vhd Line: 31
Info (12021): Found 2 design units, including 1 entities, in source file /mon drive/2025-2026_polytech_sorbonne/s6/ue-electronique/vhdl_comportemental/tp_projet/tp1_bcd_heratbeat_de10_lite/tp1_bcd_heratbeat_de10_lite/src/heartbeat.vhd
    Info (12022): Found design unit 1: HEARTBEAT-RTL File: H:/Mon Drive/2025-2026_polytech_sorbonne/S6/UE-Electronique/VHDL_Comportemental/TP_projet/TP1_BCD_HeratBeat_DE10_Lite/TP1_BCD_HeratBeat_DE10_Lite/src/heartbeat.vhd Line: 17
    Info (12023): Found entity 1: HEARTBEAT File: H:/Mon Drive/2025-2026_polytech_sorbonne/S6/UE-Electronique/VHDL_Comportemental/TP_projet/TP1_BCD_HeratBeat_DE10_Lite/TP1_BCD_HeratBeat_DE10_Lite/src/heartbeat.vhd Line: 7
Info (12021): Found 2 design units, including 1 entities, in source file /mon drive/2025-2026_polytech_sorbonne/s6/ue-electronique/vhdl_comportemental/tp_projet/tp1_bcd_heratbeat_de10_lite/tp1_bcd_heratbeat_de10_lite/src/fdiv.vhd
    Info (12022): Found design unit 1: FDIV-RTL File: H:/Mon Drive/2025-2026_polytech_sorbonne/S6/UE-Electronique/VHDL_Comportemental/TP_projet/TP1_BCD_HeratBeat_DE10_Lite/TP1_BCD_HeratBeat_DE10_Lite/src/FDIV.vhd Line: 27
    Info (12023): Found entity 1: FDIV File: H:/Mon Drive/2025-2026_polytech_sorbonne/S6/UE-Electronique/VHDL_Comportemental/TP_projet/TP1_BCD_HeratBeat_DE10_Lite/TP1_BCD_HeratBeat_DE10_Lite/src/FDIV.vhd Line: 14
Info (12021): Found 2 design units, including 1 entities, in source file /mon drive/2025-2026_polytech_sorbonne/s6/ue-electronique/vhdl_comportemental/tp_projet/tp1_bcd_heratbeat_de10_lite/tp1_bcd_heratbeat_de10_lite/src/bcd_counter.vhd
    Info (12022): Found design unit 1: BCD_COUNTER-RTL File: H:/Mon Drive/2025-2026_polytech_sorbonne/S6/UE-Electronique/VHDL_Comportemental/TP_projet/TP1_BCD_HeratBeat_DE10_Lite/TP1_BCD_HeratBeat_DE10_Lite/src/bcd_counter.vhd Line: 31
    Info (12023): Found entity 1: BCD_COUNTER File: H:/Mon Drive/2025-2026_polytech_sorbonne/S6/UE-Electronique/VHDL_Comportemental/TP_projet/TP1_BCD_HeratBeat_DE10_Lite/TP1_BCD_HeratBeat_DE10_Lite/src/bcd_counter.vhd Line: 17
Info (12127): Elaborating entity "TP1_BCD" for the top level hierarchy
Warning (10036): Verilog HDL or VHDL warning at TP1_BCD.vhd(23): object "pol" assigned a value but never read File: H:/Mon Drive/2025-2026_polytech_sorbonne/S6/UE-Electronique/VHDL_Comportemental/TP_projet/TP1_BCD_HeratBeat_DE10_Lite/TP1_BCD_HeratBeat_DE10_Lite/src/TP1_BCD.vhd Line: 23
Warning (10036): Verilog HDL or VHDL warning at TP1_BCD.vhd(25): object "HUNDREDS" assigned a value but never read File: H:/Mon Drive/2025-2026_polytech_sorbonne/S6/UE-Electronique/VHDL_Comportemental/TP_projet/TP1_BCD_HeratBeat_DE10_Lite/TP1_BCD_HeratBeat_DE10_Lite/src/TP1_BCD.vhd Line: 25
Info (12128): Elaborating entity "FDIV" for hierarchy "FDIV:FDIV_UUT" File: H:/Mon Drive/2025-2026_polytech_sorbonne/S6/UE-Electronique/VHDL_Comportemental/TP_projet/TP1_BCD_HeratBeat_DE10_Lite/TP1_BCD_HeratBeat_DE10_Lite/src/TP1_BCD.vhd Line: 33
Info (12128): Elaborating entity "BCD_COUNTER" for hierarchy "BCD_COUNTER:counter_UUT" File: H:/Mon Drive/2025-2026_polytech_sorbonne/S6/UE-Electronique/VHDL_Comportemental/TP_projet/TP1_BCD_HeratBeat_DE10_Lite/TP1_BCD_HeratBeat_DE10_Lite/src/TP1_BCD.vhd Line: 45
Info (12128): Elaborating entity "SEVEN_SEG" for hierarchy "SEVEN_SEG:UNITIES_UUT" File: H:/Mon Drive/2025-2026_polytech_sorbonne/S6/UE-Electronique/VHDL_Comportemental/TP_projet/TP1_BCD_HeratBeat_DE10_Lite/TP1_BCD_HeratBeat_DE10_Lite/src/TP1_BCD.vhd Line: 55
Info (278001): Inferred 5 megafunctions from design logic
    Info (278004): Inferred divider/modulo megafunction ("lpm_divide") from the following logic: "BCD_COUNTER:counter_UUT|Mod0" File: H:/Mon Drive/2025-2026_polytech_sorbonne/S6/UE-Electronique/VHDL_Comportemental/TP_projet/TP1_BCD_HeratBeat_DE10_Lite/TP1_BCD_HeratBeat_DE10_Lite/src/bcd_counter.vhd Line: 44
    Info (278004): Inferred divider/modulo megafunction ("lpm_divide") from the following logic: "BCD_COUNTER:counter_UUT|Div0" File: H:/Mon Drive/2025-2026_polytech_sorbonne/S6/UE-Electronique/VHDL_Comportemental/TP_projet/TP1_BCD_HeratBeat_DE10_Lite/TP1_BCD_HeratBeat_DE10_Lite/src/bcd_counter.vhd Line: 45
    Info (278004): Inferred divider/modulo megafunction ("lpm_divide") from the following logic: "BCD_COUNTER:counter_UUT|Mod1" File: H:/Mon Drive/2025-2026_polytech_sorbonne/S6/UE-Electronique/VHDL_Comportemental/TP_projet/TP1_BCD_HeratBeat_DE10_Lite/TP1_BCD_HeratBeat_DE10_Lite/src/bcd_counter.vhd Line: 45
    Info (278004): Inferred divider/modulo megafunction ("lpm_divide") from the following logic: "BCD_COUNTER:counter_UUT|Div2" File: H:/Mon Drive/2025-2026_polytech_sorbonne/S6/UE-Electronique/VHDL_Comportemental/TP_projet/TP1_BCD_HeratBeat_DE10_Lite/TP1_BCD_HeratBeat_DE10_Lite/src/bcd_counter.vhd Line: 47
    Info (278004): Inferred divider/modulo megafunction ("lpm_divide") from the following logic: "BCD_COUNTER:counter_UUT|Mod3" File: H:/Mon Drive/2025-2026_polytech_sorbonne/S6/UE-Electronique/VHDL_Comportemental/TP_projet/TP1_BCD_HeratBeat_DE10_Lite/TP1_BCD_HeratBeat_DE10_Lite/src/bcd_counter.vhd Line: 47
Info (12130): Elaborated megafunction instantiation "BCD_COUNTER:counter_UUT|lpm_divide:Mod0" File: H:/Mon Drive/2025-2026_polytech_sorbonne/S6/UE-Electronique/VHDL_Comportemental/TP_projet/TP1_BCD_HeratBeat_DE10_Lite/TP1_BCD_HeratBeat_DE10_Lite/src/bcd_counter.vhd Line: 44
Info (12133): Instantiated megafunction "BCD_COUNTER:counter_UUT|lpm_divide:Mod0" with the following parameter: File: H:/Mon Drive/2025-2026_polytech_sorbonne/S6/UE-Electronique/VHDL_Comportemental/TP_projet/TP1_BCD_HeratBeat_DE10_Lite/TP1_BCD_HeratBeat_DE10_Lite/src/bcd_counter.vhd Line: 44
    Info (12134): Parameter "LPM_WIDTHN" = "32"
    Info (12134): Parameter "LPM_WIDTHD" = "32"
    Info (12134): Parameter "LPM_NREPRESENTATION" = "SIGNED"
    Info (12134): Parameter "LPM_DREPRESENTATION" = "SIGNED"
    Info (12134): Parameter "LPM_HINT" = "LPM_REMAINDERPOSITIVE=FALSE"
Info (12021): Found 1 design units, including 1 entities, in source file db/lpm_divide_25o.tdf
    Info (12023): Found entity 1: lpm_divide_25o File: H:/Mon Drive/2025-2026_polytech_sorbonne/S6/UE-Electronique/VHDL_Comportemental/TP_projet/TP1_BCD_HeratBeat_DE10_Lite/TP1_BCD_HeratBeat_DE10_Lite/fit/db/lpm_divide_25o.tdf Line: 24
Info (12021): Found 1 design units, including 1 entities, in source file db/abs_divider_4dg.tdf
    Info (12023): Found entity 1: abs_divider_4dg File: H:/Mon Drive/2025-2026_polytech_sorbonne/S6/UE-Electronique/VHDL_Comportemental/TP_projet/TP1_BCD_HeratBeat_DE10_Lite/TP1_BCD_HeratBeat_DE10_Lite/fit/db/abs_divider_4dg.tdf Line: 26
Info (12021): Found 1 design units, including 1 entities, in source file db/alt_u_div_ske.tdf
    Info (12023): Found entity 1: alt_u_div_ske File: H:/Mon Drive/2025-2026_polytech_sorbonne/S6/UE-Electronique/VHDL_Comportemental/TP_projet/TP1_BCD_HeratBeat_DE10_Lite/TP1_BCD_HeratBeat_DE10_Lite/fit/db/alt_u_div_ske.tdf Line: 26
Info (12021): Found 1 design units, including 1 entities, in source file db/add_sub_t3c.tdf
    Info (12023): Found entity 1: add_sub_t3c File: H:/Mon Drive/2025-2026_polytech_sorbonne/S6/UE-Electronique/VHDL_Comportemental/TP_projet/TP1_BCD_HeratBeat_DE10_Lite/TP1_BCD_HeratBeat_DE10_Lite/fit/db/add_sub_t3c.tdf Line: 22
Info (12021): Found 1 design units, including 1 entities, in source file db/add_sub_u3c.tdf
    Info (12023): Found entity 1: add_sub_u3c File: H:/Mon Drive/2025-2026_polytech_sorbonne/S6/UE-Electronique/VHDL_Comportemental/TP_projet/TP1_BCD_HeratBeat_DE10_Lite/TP1_BCD_HeratBeat_DE10_Lite/fit/db/add_sub_u3c.tdf Line: 22
Info (12021): Found 1 design units, including 1 entities, in source file db/lpm_abs_8b9.tdf
    Info (12023): Found entity 1: lpm_abs_8b9 File: H:/Mon Drive/2025-2026_polytech_sorbonne/S6/UE-Electronique/VHDL_Comportemental/TP_projet/TP1_BCD_HeratBeat_DE10_Lite/TP1_BCD_HeratBeat_DE10_Lite/fit/db/lpm_abs_8b9.tdf Line: 24
Info (12130): Elaborated megafunction instantiation "BCD_COUNTER:counter_UUT|lpm_divide:Div0" File: H:/Mon Drive/2025-2026_polytech_sorbonne/S6/UE-Electronique/VHDL_Comportemental/TP_projet/TP1_BCD_HeratBeat_DE10_Lite/TP1_BCD_HeratBeat_DE10_Lite/src/bcd_counter.vhd Line: 45
Info (12133): Instantiated megafunction "BCD_COUNTER:counter_UUT|lpm_divide:Div0" with the following parameter: File: H:/Mon Drive/2025-2026_polytech_sorbonne/S6/UE-Electronique/VHDL_Comportemental/TP_projet/TP1_BCD_HeratBeat_DE10_Lite/TP1_BCD_HeratBeat_DE10_Lite/src/bcd_counter.vhd Line: 45
    Info (12134): Parameter "LPM_WIDTHN" = "32"
    Info (12134): Parameter "LPM_WIDTHD" = "5"
    Info (12134): Parameter "LPM_NREPRESENTATION" = "SIGNED"
    Info (12134): Parameter "LPM_DREPRESENTATION" = "SIGNED"
    Info (12134): Parameter "LPM_HINT" = "LPM_REMAINDERPOSITIVE=FALSE"
Info (12021): Found 1 design units, including 1 entities, in source file db/lpm_divide_fbo.tdf
    Info (12023): Found entity 1: lpm_divide_fbo File: H:/Mon Drive/2025-2026_polytech_sorbonne/S6/UE-Electronique/VHDL_Comportemental/TP_projet/TP1_BCD_HeratBeat_DE10_Lite/TP1_BCD_HeratBeat_DE10_Lite/fit/db/lpm_divide_fbo.tdf Line: 24
Info (12021): Found 1 design units, including 1 entities, in source file db/abs_divider_kbg.tdf
    Info (12023): Found entity 1: abs_divider_kbg File: H:/Mon Drive/2025-2026_polytech_sorbonne/S6/UE-Electronique/VHDL_Comportemental/TP_projet/TP1_BCD_HeratBeat_DE10_Lite/TP1_BCD_HeratBeat_DE10_Lite/fit/db/abs_divider_kbg.tdf Line: 28
Info (12021): Found 1 design units, including 1 entities, in source file db/alt_u_div_she.tdf
    Info (12023): Found entity 1: alt_u_div_she File: H:/Mon Drive/2025-2026_polytech_sorbonne/S6/UE-Electronique/VHDL_Comportemental/TP_projet/TP1_BCD_HeratBeat_DE10_Lite/TP1_BCD_HeratBeat_DE10_Lite/fit/db/alt_u_div_she.tdf Line: 26
Info (12021): Found 1 design units, including 1 entities, in source file db/lpm_abs_o99.tdf
    Info (12023): Found entity 1: lpm_abs_o99 File: H:/Mon Drive/2025-2026_polytech_sorbonne/S6/UE-Electronique/VHDL_Comportemental/TP_projet/TP1_BCD_HeratBeat_DE10_Lite/TP1_BCD_HeratBeat_DE10_Lite/fit/db/lpm_abs_o99.tdf Line: 24
Info (12130): Elaborated megafunction instantiation "BCD_COUNTER:counter_UUT|lpm_divide:Mod1" File: H:/Mon Drive/2025-2026_polytech_sorbonne/S6/UE-Electronique/VHDL_Comportemental/TP_projet/TP1_BCD_HeratBeat_DE10_Lite/TP1_BCD_HeratBeat_DE10_Lite/src/bcd_counter.vhd Line: 45
Info (12133): Instantiated megafunction "BCD_COUNTER:counter_UUT|lpm_divide:Mod1" with the following parameter: File: H:/Mon Drive/2025-2026_polytech_sorbonne/S6/UE-Electronique/VHDL_Comportemental/TP_projet/TP1_BCD_HeratBeat_DE10_Lite/TP1_BCD_HeratBeat_DE10_Lite/src/bcd_counter.vhd Line: 45
    Info (12134): Parameter "LPM_WIDTHN" = "32"
    Info (12134): Parameter "LPM_WIDTHD" = "32"
    Info (12134): Parameter "LPM_NREPRESENTATION" = "SIGNED"
    Info (12134): Parameter "LPM_DREPRESENTATION" = "SIGNED"
    Info (12134): Parameter "LPM_HINT" = "LPM_REMAINDERPOSITIVE=FALSE"
Info (12130): Elaborated megafunction instantiation "BCD_COUNTER:counter_UUT|lpm_divide:Div2" File: H:/Mon Drive/2025-2026_polytech_sorbonne/S6/UE-Electronique/VHDL_Comportemental/TP_projet/TP1_BCD_HeratBeat_DE10_Lite/TP1_BCD_HeratBeat_DE10_Lite/src/bcd_counter.vhd Line: 47
Info (12133): Instantiated megafunction "BCD_COUNTER:counter_UUT|lpm_divide:Div2" with the following parameter: File: H:/Mon Drive/2025-2026_polytech_sorbonne/S6/UE-Electronique/VHDL_Comportemental/TP_projet/TP1_BCD_HeratBeat_DE10_Lite/TP1_BCD_HeratBeat_DE10_Lite/src/bcd_counter.vhd Line: 47
    Info (12134): Parameter "LPM_WIDTHN" = "32"
    Info (12134): Parameter "LPM_WIDTHD" = "11"
    Info (12134): Parameter "LPM_NREPRESENTATION" = "SIGNED"
    Info (12134): Parameter "LPM_DREPRESENTATION" = "SIGNED"
    Info (12134): Parameter "LPM_HINT" = "LPM_REMAINDERPOSITIVE=FALSE"
Info (12021): Found 1 design units, including 1 entities, in source file db/lpm_divide_sco.tdf
    Info (12023): Found entity 1: lpm_divide_sco File: H:/Mon Drive/2025-2026_polytech_sorbonne/S6/UE-Electronique/VHDL_Comportemental/TP_projet/TP1_BCD_HeratBeat_DE10_Lite/TP1_BCD_HeratBeat_DE10_Lite/fit/db/lpm_divide_sco.tdf Line: 24
Info (12021): Found 1 design units, including 1 entities, in source file db/abs_divider_1dg.tdf
    Info (12023): Found entity 1: abs_divider_1dg File: H:/Mon Drive/2025-2026_polytech_sorbonne/S6/UE-Electronique/VHDL_Comportemental/TP_projet/TP1_BCD_HeratBeat_DE10_Lite/TP1_BCD_HeratBeat_DE10_Lite/fit/db/abs_divider_1dg.tdf Line: 28
Info (12021): Found 1 design units, including 1 entities, in source file db/alt_u_div_mke.tdf
    Info (12023): Found entity 1: alt_u_div_mke File: H:/Mon Drive/2025-2026_polytech_sorbonne/S6/UE-Electronique/VHDL_Comportemental/TP_projet/TP1_BCD_HeratBeat_DE10_Lite/TP1_BCD_HeratBeat_DE10_Lite/fit/db/alt_u_div_mke.tdf Line: 26
Info (12021): Found 1 design units, including 1 entities, in source file db/lpm_abs_5b9.tdf
    Info (12023): Found entity 1: lpm_abs_5b9 File: H:/Mon Drive/2025-2026_polytech_sorbonne/S6/UE-Electronique/VHDL_Comportemental/TP_projet/TP1_BCD_HeratBeat_DE10_Lite/TP1_BCD_HeratBeat_DE10_Lite/fit/db/lpm_abs_5b9.tdf Line: 24
Info (13014): Ignored 98 buffer(s)
    Info (13016): Ignored 98 CARRY_SUM buffer(s)
Info (286030): Timing-Driven Synthesis is running
Info (16010): Generating hard_block partition "hard_block:auto_generated_inst"
    Info (16011): Adding 0 node(s), including 0 DDIO, 0 PLL, 0 transceiver and 0 LCELL
Warning (21074): Design contains 11 input pin(s) that do not drive logic
    Warning (15610): No output dependent on input pin "KEY[1]" File: H:/Mon Drive/2025-2026_polytech_sorbonne/S6/UE-Electronique/VHDL_Comportemental/TP_projet/TP1_BCD_HeratBeat_DE10_Lite/TP1_BCD_HeratBeat_DE10_Lite/src/TP1_BCD.vhd Line: 12
    Warning (15610): No output dependent on input pin "SW[0]" File: H:/Mon Drive/2025-2026_polytech_sorbonne/S6/UE-Electronique/VHDL_Comportemental/TP_projet/TP1_BCD_HeratBeat_DE10_Lite/TP1_BCD_HeratBeat_DE10_Lite/src/TP1_BCD.vhd Line: 13
    Warning (15610): No output dependent on input pin "SW[1]" File: H:/Mon Drive/2025-2026_polytech_sorbonne/S6/UE-Electronique/VHDL_Comportemental/TP_projet/TP1_BCD_HeratBeat_DE10_Lite/TP1_BCD_HeratBeat_DE10_Lite/src/TP1_BCD.vhd Line: 13
    Warning (15610): No output dependent on input pin "SW[2]" File: H:/Mon Drive/2025-2026_polytech_sorbonne/S6/UE-Electronique/VHDL_Comportemental/TP_projet/TP1_BCD_HeratBeat_DE10_Lite/TP1_BCD_HeratBeat_DE10_Lite/src/TP1_BCD.vhd Line: 13
    Warning (15610): No output dependent on input pin "SW[3]" File: H:/Mon Drive/2025-2026_polytech_sorbonne/S6/UE-Electronique/VHDL_Comportemental/TP_projet/TP1_BCD_HeratBeat_DE10_Lite/TP1_BCD_HeratBeat_DE10_Lite/src/TP1_BCD.vhd Line: 13
    Warning (15610): No output dependent on input pin "SW[4]" File: H:/Mon Drive/2025-2026_polytech_sorbonne/S6/UE-Electronique/VHDL_Comportemental/TP_projet/TP1_BCD_HeratBeat_DE10_Lite/TP1_BCD_HeratBeat_DE10_Lite/src/TP1_BCD.vhd Line: 13
    Warning (15610): No output dependent on input pin "SW[5]" File: H:/Mon Drive/2025-2026_polytech_sorbonne/S6/UE-Electronique/VHDL_Comportemental/TP_projet/TP1_BCD_HeratBeat_DE10_Lite/TP1_BCD_HeratBeat_DE10_Lite/src/TP1_BCD.vhd Line: 13
    Warning (15610): No output dependent on input pin "SW[6]" File: H:/Mon Drive/2025-2026_polytech_sorbonne/S6/UE-Electronique/VHDL_Comportemental/TP_projet/TP1_BCD_HeratBeat_DE10_Lite/TP1_BCD_HeratBeat_DE10_Lite/src/TP1_BCD.vhd Line: 13
    Warning (15610): No output dependent on input pin "SW[7]" File: H:/Mon Drive/2025-2026_polytech_sorbonne/S6/UE-Electronique/VHDL_Comportemental/TP_projet/TP1_BCD_HeratBeat_DE10_Lite/TP1_BCD_HeratBeat_DE10_Lite/src/TP1_BCD.vhd Line: 13
    Warning (15610): No output dependent on input pin "SW[8]" File: H:/Mon Drive/2025-2026_polytech_sorbonne/S6/UE-Electronique/VHDL_Comportemental/TP_projet/TP1_BCD_HeratBeat_DE10_Lite/TP1_BCD_HeratBeat_DE10_Lite/src/TP1_BCD.vhd Line: 13
    Warning (15610): No output dependent on input pin "SW[9]" File: H:/Mon Drive/2025-2026_polytech_sorbonne/S6/UE-Electronique/VHDL_Comportemental/TP_projet/TP1_BCD_HeratBeat_DE10_Lite/TP1_BCD_HeratBeat_DE10_Lite/src/TP1_BCD.vhd Line: 13
Info (21057): Implemented 6107 device resources after synthesis - the final resource count might be different
    Info (21058): Implemented 13 input pins
    Info (21059): Implemented 28 output pins
    Info (21061): Implemented 6066 logic cells
Info: Quartus Prime Analysis & Synthesis was successful. 0 errors, 15 warnings
    Info: Peak virtual memory: 4904 megabytes
    Info: Processing ended: Wed Apr 08 13:42:17 2026
    Info: Elapsed time: 00:00:28
    Info: Total CPU time (on all processors): 00:00:33


